Using pre-set license
Built from '2020.3/release' branch; Version is '2020.3.7f1 (dd97f2c94397) revision 14522354'; Using compiler version '192528614'; Build Type 'Release'
OS: 'Windows 10 Home; OS build 19042.867; Version 2009; 64bit' Language: 'en' Physical Memory: 16335 MB
BatchMode: 1, IsHumanControllingUs: 0, StartBugReporterOnCrash: 0, Is64bit: 1, IsPro: 0

 COMMAND LINE ARGUMENTS:
E:\___PROGRAMMING\Unity\2020.3.7f1\Editor\Unity.exe
-adb2
-batchMode
-noUpm
-name
AssetImportWorker0
-projectPath
E:/___PROGRAMMING/Unity/Number-Wizard-UI/Number Wizard UI
-logFile
Logs/AssetImportWorker0.log
-srvPort
55973
Successfully changed project path to: E:/___PROGRAMMING/Unity/Number-Wizard-UI/Number Wizard UI
E:/___PROGRAMMING/Unity/Number-Wizard-UI/Number Wizard UI
Using Asset Import Pipeline V2.
Refreshing native plugins compatible for Editor in 49.93 ms, found 1 plugins.
Preloading 0 native plugins for Editor in 0.00 ms.
Initialize engine version: 2020.3.7f1 (dd97f2c94397)
[Subsystems] Discovering subsystems at path E:/___PROGRAMMING/Unity/2020.3.7f1/Editor/Data/Resources/UnitySubsystems
[Subsystems] Discovering subsystems at path E:/___PROGRAMMING/Unity/Number-Wizard-UI/Number Wizard UI/Assets
GfxDevice: creating device client; threaded=0
Direct3D:
    Version:  Direct3D 11.0 [level 11.1]
    Renderer: NVIDIA GeForce GTX 1060 6GB (ID=0x1c03)
    Vendor:   
    VRAM:     6052 MB
    Driver:   27.21.14.6611
Initialize mono
Mono path[0] = 'E:/___PROGRAMMING/Unity/2020.3.7f1/Editor/Data/Managed'
Mono path[1] = 'E:/___PROGRAMMING/Unity/2020.3.7f1/Editor/Data/MonoBleedingEdge/lib/mono/unityjit'
Mono config path = 'E:/___PROGRAMMING/Unity/2020.3.7f1/Editor/Data/MonoBleedingEdge/etc'
Using monoOptions --debugger-agent=transport=dt_socket,embedding=1,server=y,suspend=n,address=127.0.0.1:56152
Begin MonoManager ReloadAssembly
Registering precompiled unity dll's ...
Register platform support module: E:/___PROGRAMMING/Unity/2020.3.7f1/Editor/Data/PlaybackEngines/WindowsStandaloneSupport/UnityEditor.WindowsStandalone.Extensions.dll
Registered in 0.001198 seconds.
Native extension for WindowsStandalone target not found
Refreshing native plugins compatible for Editor in 39.86 ms, found 1 plugins.
Preloading 0 native plugins for Editor in 0.00 ms.
Mono: successfully reloaded assembly
- Completed reload, in  1.049 seconds
Platform modules already initialized, skipping
Registering precompiled user dll's ...
Registered in 0.000794 seconds.
Begin MonoManager ReloadAssembly
Native extension for WindowsStandalone target not found
Refreshing native plugins compatible for Editor in 41.06 ms, found 1 plugins.
Preloading 0 native plugins for Editor in 0.00 ms.
Mono: successfully reloaded assembly
- Completed reload, in  1.025 seconds
Platform modules already initialized, skipping
========================================================================
Worker process is ready to serve import requests
Launched and connected shader compiler UnityShaderCompiler.exe after 0.13 seconds
Refreshing native plugins compatible for Editor in 0.34 ms, found 1 plugins.
Preloading 0 native plugins for Editor in 0.00 ms.
Unloading 1810 Unused Serialized files (Serialized files now loaded: 0)
System memory in use before: 97.5 MB.
System memory in use after: 97.4 MB.

Unloading 23 unused Assets to reduce memory usage. Loaded Objects now: 2271.
Total: 3.857300 ms (FindLiveObjects: 0.423100 ms CreateObjectMapping: 0.075700 ms MarkObjects: 3.177600 ms  DeleteObjects: 0.179000 ms)

========================================================================
Received Import Request.
  path: Assets/Scripts/NumberWizard.cs
  artifactKey: Guid(86e6cdf936a231f428cc12c3222745fe) Importer(815301076,1909f56bfc062723c751e8b465ee728b)
Start importing Assets/Scripts/NumberWizard.cs using Guid(86e6cdf936a231f428cc12c3222745fe) Importer(815301076,1909f56bfc062723c751e8b465ee728b)  -> (artifact id: 'ed0645863d411e9c946066ed694bba1d') in 0.039530 seconds
  Import took 0.050153 seconds .

========================================================================
Received Prepare
Registering precompiled user dll's ...
Registered in 0.000882 seconds.
Begin MonoManager ReloadAssembly
Native extension for WindowsStandalone target not found
Refreshing native plugins compatible for Editor in 0.39 ms, found 1 plugins.
Preloading 0 native plugins for Editor in 0.00 ms.
Mono: successfully reloaded assembly
- Completed reload, in  0.910 seconds
Platform modules already initialized, skipping
Refreshing native plugins compatible for Editor in 0.37 ms, found 1 plugins.
Preloading 0 native plugins for Editor in 0.00 ms.
Unloading 1805 Unused Serialized files (Serialized files now loaded: 0)
System memory in use before: 97.4 MB.
System memory in use after: 97.4 MB.

Unloading 12 unused Assets to reduce memory usage. Loaded Objects now: 2275.
Total: 2.037000 ms (FindLiveObjects: 0.205600 ms CreateObjectMapping: 0.043300 ms MarkObjects: 1.661200 ms  DeleteObjects: 0.125800 ms)

========================================================================
Received Import Request.
  Time since last request: 78.086309 seconds.
  path: Assets/Scripts/NumberWizard.cs
  artifactKey: Guid(86e6cdf936a231f428cc12c3222745fe) Importer(815301076,1909f56bfc062723c751e8b465ee728b)
Start importing Assets/Scripts/NumberWizard.cs using Guid(86e6cdf936a231f428cc12c3222745fe) Importer(815301076,1909f56bfc062723c751e8b465ee728b)  -> (artifact id: '29f5a6554a5a6b60deed2d6f208366d9') in 0.004509 seconds
  Import took 0.007376 seconds .

========================================================================
Received Prepare
Registering precompiled user dll's ...
Registered in 0.000803 seconds.
Begin MonoManager ReloadAssembly
Native extension for WindowsStandalone target not found
Refreshing native plugins compatible for Editor in 0.36 ms, found 1 plugins.
Preloading 0 native plugins for Editor in 0.00 ms.
Mono: successfully reloaded assembly
- Completed reload, in  0.891 seconds
Platform modules already initialized, skipping
Refreshing native plugins compatible for Editor in 0.39 ms, found 1 plugins.
Preloading 0 native plugins for Editor in 0.00 ms.
Unloading 1805 Unused Serialized files (Serialized files now loaded: 0)
System memory in use before: 97.5 MB.
System memory in use after: 97.5 MB.

Unloading 12 unused Assets to reduce memory usage. Loaded Objects now: 2279.
Total: 2.191200 ms (FindLiveObjects: 0.245900 ms CreateObjectMapping: 0.048800 ms MarkObjects: 1.768700 ms  DeleteObjects: 0.126300 ms)

========================================================================
Received Import Request.
  Time since last request: 244.890589 seconds.
  path: Assets/Scripts/NumberWizard.cs
  artifactKey: Guid(86e6cdf936a231f428cc12c3222745fe) Importer(815301076,1909f56bfc062723c751e8b465ee728b)
Start importing Assets/Scripts/NumberWizard.cs using Guid(86e6cdf936a231f428cc12c3222745fe) Importer(815301076,1909f56bfc062723c751e8b465ee728b)  -> (artifact id: '2b8d965c39b19d362b2c39b26f245c88') in 0.005296 seconds
  Import took 0.008326 seconds .

========================================================================
Received Import Request.
  Time since last request: 0.029088 seconds.
  path: Assets/Scripts/NumberWizard.cs
  artifactKey: Guid(86e6cdf936a231f428cc12c3222745fe) Importer(815301076,1909f56bfc062723c751e8b465ee728b)
Start importing Assets/Scripts/NumberWizard.cs using Guid(86e6cdf936a231f428cc12c3222745fe) Importer(815301076,1909f56bfc062723c751e8b465ee728b)  -> (artifact id: '2b8d965c39b19d362b2c39b26f245c88') in 0.001878 seconds
  Import took 0.004740 seconds .

========================================================================
Received Import Request.
  Time since last request: 107.814775 seconds.
  path: Assets/Scripts/NumberWizard.cs
  artifactKey: Guid(86e6cdf936a231f428cc12c3222745fe) Importer(815301076,1909f56bfc062723c751e8b465ee728b)
Start importing Assets/Scripts/NumberWizard.cs using Guid(86e6cdf936a231f428cc12c3222745fe) Importer(815301076,1909f56bfc062723c751e8b465ee728b)  -> (artifact id: 'ef714208a41cbb62f4f7e430876a236e') in 0.002553 seconds
  Import took 0.005930 seconds .

========================================================================
Received Import Request.
  Time since last request: 44.408251 seconds.
  path: Assets/Scenes/Game Scene.unity
  artifactKey: Guid(feeacfe3d275eaa4f8ec41c50f6c0fe8) Importer(815301076,1909f56bfc062723c751e8b465ee728b)
Start importing Assets/Scenes/Game Scene.unity using Guid(feeacfe3d275eaa4f8ec41c50f6c0fe8) Importer(815301076,1909f56bfc062723c751e8b465ee728b)  -> (artifact id: 'bf2884d56f742d844fec1c3ad8a8e6b6') in 0.011086 seconds
  Import took 0.014166 seconds .

========================================================================
Received Import Request.
  Time since last request: 2.405120 seconds.
  path: Assets/Scenes/Start Menu.unity
  artifactKey: Guid(532b6ea3b981a204dab43297fda7474f) Importer(815301076,1909f56bfc062723c751e8b465ee728b)
Start importing Assets/Scenes/Start Menu.unity using Guid(532b6ea3b981a204dab43297fda7474f) Importer(815301076,1909f56bfc062723c751e8b465ee728b)  -> (artifact id: '01e39cb1ba53a2069aab4d4ffdd38662') in 0.002282 seconds
  Import took 0.005218 seconds .

